<?xml version="1.0" encoding="utf-8"?>
<coverage line-rate="0.8153" branch-rate="0.7844" version="1.9" timestamp="1772922481" lines-covered="1108" lines-valid="1359" branches-covered="182" branches-valid="232">
  <sources>
    <source>/Users/viniciusluna/RiderProjects/ItauInvestmentBroker/src/</source>
  </sources>
  <packages>
    <package name="ItauInvestmentBroker.Application" line-rate="0.8161" branch-rate="0.7844" complexity="465">
      <classes>
        <class name="ItauInvestmentBroker.Application.DependencyInjection" filename="ItauInvestmentBroker.Application/DependencyInjection.cs" line-rate="0" branch-rate="0" complexity="16">
          <methods>
            <method name="AddApplication" signature="(Microsoft.Extensions.DependencyInjection.IServiceCollection,Microsoft.Extensions.Configuration.IConfiguration)" line-rate="0" branch-rate="0" complexity="16">
              <lines>
                <line number="15" hits="0" branch="False" />
                <line number="16" hits="0" branch="False" />
                <line number="19" hits="0" branch="False" />
                <line number="22" hits="0" branch="False" />
                <line number="23" hits="0" branch="False" />
                <line number="24" hits="0" branch="False" />
                <line number="25" hits="0" branch="False" />
                <line number="28" hits="0" branch="False" />
                <line number="31" hits="0" branch="False" />
                <line number="32" hits="0" branch="False" />
                <line number="33" hits="0" branch="False" />
                <line number="36" hits="0" branch="False" />
                <line number="37" hits="0" branch="True" condition-coverage="0% (0/6)">
                  <conditions>
                    <condition number="1" type="jump" coverage="0%" />
                    <condition number="9" type="jump" coverage="0%" />
                    <condition number="17" type="jump" coverage="0%" />
                  </conditions>
                </line>
                <line number="38" hits="0" branch="False" />
                <line number="40" hits="0" branch="True" condition-coverage="0% (0/2)">
                  <conditions>
                    <condition number="184" type="jump" coverage="0%" />
                  </conditions>
                </line>
                <line number="41" hits="0" branch="False" />
                <line number="44" hits="0" branch="False" />
                <line number="45" hits="0" branch="True" condition-coverage="0% (0/6)">
                  <conditions>
                    <condition number="1" type="jump" coverage="0%" />
                    <condition number="9" type="jump" coverage="0%" />
                    <condition number="17" type="jump" coverage="0%" />
                  </conditions>
                </line>
                <line number="46" hits="0" branch="False" />
                <line number="48" hits="0" branch="True" condition-coverage="0% (0/2)">
                  <conditions>
                    <condition number="290" type="jump" coverage="0%" />
                  </conditions>
                </line>
                <line number="49" hits="0" branch="False" />
                <line number="51" hits="0" branch="False" />
                <line number="52" hits="0" branch="False" />
              </lines>
            </method>
          </methods>
          <lines>
            <line number="15" hits="0" branch="False" />
            <line number="16" hits="0" branch="False" />
            <line number="19" hits="0" branch="False" />
            <line number="22" hits="0" branch="False" />
            <line number="23" hits="0" branch="False" />
            <line number="24" hits="0" branch="False" />
            <line number="25" hits="0" branch="False" />
            <line number="28" hits="0" branch="False" />
            <line number="31" hits="0" branch="False" />
            <line number="32" hits="0" branch="False" />
            <line number="33" hits="0" branch="False" />
            <line number="36" hits="0" branch="False" />
            <line number="37" hits="0" branch="True" condition-coverage="0% (0/6)">
              <conditions>
                <condition number="1" type="jump" coverage="0%" />
                <condition number="9" type="jump" coverage="0%" />
                <condition number="17" type="jump" coverage="0%" />
              </conditions>
            </line>
            <line number="38" hits="0" branch="False" />
            <line number="40" hits="0" branch="True" condition-coverage="0% (0/2)">
              <conditions>
                <condition number="184" type="jump" coverage="0%" />
              </conditions>
            </line>
            <line number="41" hits="0" branch="False" />
            <line number="44" hits="0" branch="False" />
            <line number="45" hits="0" branch="True" condition-coverage="0% (0/6)">
              <conditions>
                <condition number="1" type="jump" coverage="0%" />
                <condition number="9" type="jump" coverage="0%" />
                <condition number="17" type="jump" coverage="0%" />
              </conditions>
            </line>
            <line number="46" hits="0" branch="False" />
            <line number="48" hits="0" branch="True" condition-coverage="0% (0/2)">
              <conditions>
                <condition number="290" type="jump" coverage="0%" />
              </conditions>
            </line>
            <line number="49" hits="0" branch="False" />
            <line number="51" hits="0" branch="False" />
            <line number="52" hits="0" branch="False" />
          </lines>
        </class>
        <class name="ItauInvestmentBroker.Application.Services.CustodiaAppService" filename="ItauInvestmentBroker.Application/Services/CustodiaAppService.cs" line-rate="1" branch-rate="1" complexity="1">
          <methods>
            <method name=".ctor" signature="(ItauInvestmentBroker.Domain.Motor.Repositories.ICustodiaRepository,ItauInvestmentBroker.Application.Common.Interfaces.IDateTimeProvider)" line-rate="1" branch-rate="1" complexity="1">
              <lines>
                <line number="7" hits="21" branch="False" />
                <line number="8" hits="21" branch="False" />
                <line number="9" hits="21" branch="False" />
              </lines>
            </method>
          </methods>
          <lines>
            <line number="7" hits="21" branch="False" />
            <line number="8" hits="21" branch="False" />
            <line number="9" hits="21" branch="False" />
          </lines>
        </class>
        <class name="ItauInvestmentBroker.Application.Services.CustodiaAppService/&lt;AtualizarCustodia&gt;d__3" filename="ItauInvestmentBroker.Application/Services/CustodiaAppService.cs" line-rate="1" branch-rate="1" complexity="2">
          <methods>
            <method name="MoveNext" signature="()" line-rate="1" branch-rate="1" complexity="2">
              <lines>
                <line number="17" hits="4" branch="False" />
                <line number="18" hits="4" branch="False" />
                <line number="19" hits="4" branch="False" />
                <line number="21" hits="4" branch="True" condition-coverage="100% (2/2)">
                  <conditions>
                    <condition number="174" type="jump" coverage="100%" />
                  </conditions>
                </line>
                <line number="22" hits="3" branch="False" />
                <line number="23" hits="3" branch="False" />
                <line number="24" hits="3" branch="False" />
                <line number="25" hits="3" branch="False" />
                <line number="26" hits="3" branch="False" />
                <line number="27" hits="3" branch="False" />
                <line number="28" hits="3" branch="False" />
                <line number="29" hits="3" branch="False" />
                <line number="30" hits="3" branch="False" />
                <line number="31" hits="3" branch="False" />
                <line number="32" hits="3" branch="False" />
                <line number="36" hits="1" branch="False" />
                <line number="37" hits="1" branch="False" />
                <line number="38" hits="1" branch="False" />
                <line number="39" hits="1" branch="False" />
                <line number="40" hits="1" branch="False" />
                <line number="41" hits="4" branch="False" />
              </lines>
            </method>
          </methods>
          <lines>
            <line number="17" hits="4" branch="False" />
            <line number="18" hits="4" branch="False" />
            <line number="19" hits="4" branch="False" />
            <line number="21" hits="4" branch="True" condition-coverage="100% (2/2)">
              <conditions>
                <condition number="174" type="jump" coverage="100%" />
              </conditions>
            </line>
            <line number="22" hits="3" branch="False" />
            <line number="23" hits="3" branch="False" />
            <line number="24" hits="3" branch="False" />
            <line number="25" hits="3" branch="False" />
            <line number="26" hits="3" branch="False" />
            <line number="27" hits="3" branch="False" />
            <line number="28" hits="3" branch="False" />
            <line number="29" hits="3" branch="False" />
            <line number="30" hits="3" branch="False" />
            <line number="31" hits="3" branch="False" />
            <line number="32" hits="3" branch="False" />
            <line number="36" hits="1" branch="False" />
            <line number="37" hits="1" branch="False" />
            <line number="38" hits="1" branch="False" />
            <line number="39" hits="1" branch="False" />
            <line number="40" hits="1" branch="False" />
            <line number="41" hits="4" branch="False" />
          </lines>
        </class>
        <class name="ItauInvestmentBroker.Application.Services.CustodiaAppService/&lt;VenderPosicao&gt;d__4" filename="ItauInvestmentBroker.Application/Services/CustodiaAppService.cs" line-rate="0" branch-rate="0" complexity="6">
          <methods>
            <method name="MoveNext" signature="()" line-rate="0" branch-rate="0" complexity="6">
              <lines>
                <line number="48" hits="0" branch="False" />
                <line number="49" hits="0" branch="False" />
                <line number="50" hits="0" branch="False" />
                <line number="51" hits="0" branch="True" condition-coverage="0% (0/4)">
                  <conditions>
                    <condition number="169" type="jump" coverage="0%" />
                    <condition number="192" type="jump" coverage="0%" />
                  </conditions>
                </line>
                <line number="52" hits="0" branch="False" />
                <line number="54" hits="0" branch="False" />
                <line number="55" hits="0" branch="True" condition-coverage="0% (0/2)">
                  <conditions>
                    <condition number="237" type="jump" coverage="0%" />
                  </conditions>
                </line>
                <line number="56" hits="0" branch="False" />
                <line number="58" hits="0" branch="False" />
                <line number="59" hits="0" branch="False" />
                <line number="60" hits="0" branch="False" />
                <line number="61" hits="0" branch="False" />
                <line number="64" hits="0" branch="False" />
                <line number="65" hits="0" branch="False" />
                <line number="67" hits="0" branch="False" />
                <line number="68" hits="0" branch="False" />
              </lines>
            </method>
          </methods>
          <lines>
            <line number="48" hits="0" branch="False" />
            <line number="49" hits="0" branch="False" />
            <line number="50" hits="0" branch="False" />
            <line number="51" hits="0" branch="True" condition-coverage="0% (0/4)">
              <conditions>
                <condition number="169" type="jump" coverage="0%" />
                <condition number="192" type="jump" coverage="0%" />
              </conditions>
            </line>
            <line number="52" hits="0" branch="False" />
            <line number="54" hits="0" branch="False" />
            <line number="55" hits="0" branch="True" condition-coverage="0% (0/2)">
              <conditions>
                <condition number="237" type="jump" coverage="0%" />
              </conditions>
            </line>
            <line number="56" hits="0" branch="False" />
            <line number="58" hits="0" branch="False" />
            <line number="59" hits="0" branch="False" />
            <line number="60" hits="0" branch="False" />
            <line number="61" hits="0" branch="False" />
            <line number="64" hits="0" branch="False" />
            <line number="65" hits="0" branch="False" />
            <line number="67" hits="0" branch="False" />
            <line number="68" hits="0" branch="False" />
          </lines>
        </class>
        <class name="ItauInvestmentBroker.Application.Services.VendaInfo" filename="ItauInvestmentBroker.Application/Services/CustodiaAppService.cs" line-rate="1" branch-rate="1" complexity="7">
          <methods>
            <method name="get_Ticker" signature="()" line-rate="1" branch-rate="1" complexity="1">
              <lines>
                <line number="72" hits="10" branch="False" />
              </lines>
            </method>
            <method name="get_Quantidade" signature="()" line-rate="1" branch-rate="1" complexity="1">
              <lines>
                <line number="73" hits="10" branch="False" />
              </lines>
            </method>
            <method name="get_PrecoVenda" signature="()" line-rate="1" branch-rate="1" complexity="1">
              <lines>
                <line number="74" hits="10" branch="False" />
              </lines>
            </method>
            <method name="get_PrecoMedio" signature="()" line-rate="1" branch-rate="1" complexity="1">
              <lines>
                <line number="75" hits="10" branch="False" />
              </lines>
            </method>
            <method name="get_Lucro" signature="()" line-rate="1" branch-rate="1" complexity="1">
              <lines>
                <line number="76" hits="15" branch="False" />
              </lines>
            </method>
            <method name="get_ValorVenda" signature="()" line-rate="1" branch-rate="1" complexity="1">
              <lines>
                <line number="77" hits="15" branch="False" />
              </lines>
            </method>
            <method name=".ctor" signature="(System.String,System.Int32,System.Decimal,System.Decimal,System.Decimal,System.Decimal)" line-rate="1" branch-rate="1" complexity="1">
              <lines>
                <line number="71" hits="5" branch="False" />
              </lines>
            </method>
          </methods>
          <lines>
            <line number="72" hits="10" branch="False" />
            <line number="73" hits="10" branch="False" />
            <line number="74" hits="10" branch="False" />
            <line number="75" hits="10" branch="False" />
            <line number="76" hits="15" branch="False" />
            <line number="77" hits="15" branch="False" />
            <line number="71" hits="5" branch="False" />
          </lines>
        </class>
        <class name="ItauInvestmentBroker.Application.Services.IrCalculationService" filename="ItauInvestmentBroker.Application/Services/IrCalculationService.cs" line-rate="1" branch-rate="1" complexity="4">
          <methods>
            <method name="CalcularIrDedoDuro" signature="(System.Int64,System.String,System.String,System.String,System.Int32,System.Decimal,System.DateTime)" line-rate="1" branch-rate="1" complexity="1">
              <lines>
                <line number="31" hits="13" branch="False" />
                <line number="32" hits="13" branch="False" />
                <line number="33" hits="13" branch="False" />
                <line number="35" hits="13" branch="False" />
                <line number="36" hits="13" branch="False" />
                <line number="37" hits="13" branch="False" />
                <line number="38" hits="13" branch="False" />
                <line number="39" hits="13" branch="False" />
                <line number="40" hits="13" branch="False" />
                <line number="41" hits="13" branch="False" />
                <line number="42" hits="13" branch="False" />
                <line number="43" hits="13" branch="False" />
                <line number="44" hits="13" branch="False" />
                <line number="45" hits="13" branch="False" />
                <line number="46" hits="13" branch="False" />
                <line number="47" hits="13" branch="False" />
                <line number="48" hits="13" branch="False" />
              </lines>
            </method>
            <method name="PersistirVendas" signature="(System.Int64,System.Collections.Generic.List`1&lt;ItauInvestmentBroker.Application.Services.VendaInfo&gt;)" line-rate="1" branch-rate="1" complexity="2">
              <lines>
                <line number="101" hits="4" branch="False" />
                <line number="102" hits="22" branch="True" condition-coverage="100% (2/2)">
                  <conditions>
                    <condition number="131" type="jump" coverage="100%" />
                  </conditions>
                </line>
                <line number="103" hits="5" branch="False" />
                <line number="104" hits="5" branch="False" />
                <line number="105" hits="5" branch="False" />
                <line number="106" hits="5" branch="False" />
                <line number="107" hits="5" branch="False" />
                <line number="108" hits="5" branch="False" />
                <line number="109" hits="5" branch="False" />
                <line number="110" hits="5" branch="False" />
                <line number="111" hits="5" branch="False" />
                <line number="112" hits="5" branch="False" />
                <line number="113" hits="5" branch="False" />
                <line number="114" hits="5" branch="False" />
                <line number="115" hits="4" branch="False" />
              </lines>
            </method>
            <method name=".ctor" signature="(ItauInvestmentBroker.Domain.Motor.Repositories.IVendaRebalanceamentoRepository,ItauInvestmentBroker.Application.Common.Interfaces.IDateTimeProvider,Microsoft.Extensions.Options.IOptions`1&lt;ItauInvestmentBroker.Application.Common.Configuration.MotorSettings&gt;)" line-rate="1" branch-rate="1" complexity="1">
              <lines>
                <line number="16" hits="21" branch="False" />
                <line number="17" hits="21" branch="False" />
                <line number="18" hits="21" branch="False" />
                <line number="19" hits="21" branch="False" />
                <line number="21" hits="21" branch="False" />
              </lines>
            </method>
          </methods>
          <lines>
            <line number="31" hits="13" branch="False" />
            <line number="32" hits="13" branch="False" />
            <line number="33" hits="13" branch="False" />
            <line number="35" hits="13" branch="False" />
            <line number="36" hits="13" branch="False" />
            <line number="37" hits="13" branch="False" />
            <line number="38" hits="13" branch="False" />
            <line number="39" hits="13" branch="False" />
            <line number="40" hits="13" branch="False" />
            <line number="41" hits="13" branch="False" />
            <line number="42" hits="13" branch="False" />
            <line number="43" hits="13" branch="False" />
            <line number="44" hits="13" branch="False" />
            <line number="45" hits="13" branch="False" />
            <line number="46" hits="13" branch="False" />
            <line number="47" hits="13" branch="False" />
            <line number="48" hits="13" branch="False" />
            <line number="101" hits="4" branch="False" />
            <line number="102" hits="22" branch="True" condition-coverage="100% (2/2)">
              <conditions>
                <condition number="131" type="jump" coverage="100%" />
              </conditions>
            </line>
            <line number="103" hits="5" branch="False" />
            <line number="104" hits="5" branch="False" />
            <line number="105" hits="5" branch="False" />
            <line number="106" hits="5" branch="False" />
            <line number="107" hits="5" branch="False" />
            <line number="108" hits="5" branch="False" />
            <line number="109" hits="5" branch="False" />
            <line number="110" hits="5" branch="False" />
            <line number="111" hits="5" branch="False" />
            <line number="112" hits="5" branch="False" />
            <line number="113" hits="5" branch="False" />
            <line number="114" hits="5" branch="False" />
            <line number="115" hits="4" branch="False" />
            <line number="16" hits="21" branch="False" />
            <line number="17" hits="21" branch="False" />
            <line number="18" hits="21" branch="False" />
            <line number="19" hits="21" branch="False" />
            <line number="21" hits="21" branch="False" />
          </lines>
        </class>
        <class name="ItauInvestmentBroker.Application.Services.IrCalculationService/&lt;&gt;c" filename="ItauInvestmentBroker.Application/Services/IrCalculationService.cs" line-rate="1" branch-rate="1" complexity="3">
          <methods>
            <method name="&lt;CalcularIrVenda&gt;b__5_0" signature="(ItauInvestmentBroker.Application.Services.VendaInfo)" line-rate="1" branch-rate="1" complexity="1">
              <lines>
                <line number="64" hits="9" branch="False" />
              </lines>
            </method>
            <method name="&lt;CalcularIrVenda&gt;b__5_1" signature="(ItauInvestmentBroker.Application.Services.VendaInfo)" line-rate="1" branch-rate="1" complexity="1">
              <lines>
                <line number="65" hits="9" branch="False" />
              </lines>
            </method>
            <method name="&lt;CalcularIrVenda&gt;b__5_2" signature="(ItauInvestmentBroker.Application.Services.VendaInfo)" line-rate="1" branch-rate="1" complexity="1">
              <lines>
                <line number="89" hits="5" branch="False" />
                <line number="90" hits="5" branch="False" />
                <line number="91" hits="5" branch="False" />
                <line number="92" hits="5" branch="False" />
                <line number="93" hits="5" branch="False" />
              </lines>
            </method>
          </methods>
          <lines>
            <line number="64" hits="9" branch="False" />
            <line number="65" hits="9" branch="False" />
            <line number="89" hits="5" branch="False" />
            <line number="90" hits="5" branch="False" />
            <line number="91" hits="5" branch="False" />
            <line number="92" hits="5" branch="False" />
            <line number="93" hits="5" branch="False" />
          </lines>
        </class>
        <class name="ItauInvestmentBroker.Application.Services.IrCalculationService/&lt;CalcularIrVenda&gt;d__5" filename="ItauInvestmentBroker.Application/Services/IrCalculationService.cs" line-rate="0.9655" branch-rate="0.8332999999999999" complexity="6">
          <methods>
            <method name="MoveNext" signature="()" line-rate="0.9655" branch-rate="0.8332999999999999" complexity="6">
              <lines>
                <line number="54" hits="4" branch="False" />
                <line number="55" hits="4" branch="True" condition-coverage="50% (1/2)">
                  <conditions>
                    <condition number="45" type="jump" coverage="50%" />
                  </conditions>
                </line>
                <line number="56" hits="0" branch="False" />
                <line number="58" hits="4" branch="False" />
                <line number="59" hits="4" branch="False" />
                <line number="60" hits="4" branch="False" />
                <line number="61" hits="4" branch="False" />
                <line number="62" hits="4" branch="False" />
                <line number="67" hits="4" branch="False" />
                <line number="68" hits="4" branch="False" />
                <line number="70" hits="4" branch="False" />
                <line number="71" hits="4" branch="False" />
                <line number="74" hits="4" branch="True" condition-coverage="100% (4/4)">
                  <conditions>
                    <condition number="598" type="jump" coverage="100%" />
                    <condition number="623" type="jump" coverage="100%" />
                  </conditions>
                </line>
                <line number="75" hits="1" branch="False" />
                <line number="76" hits="1" branch="False" />
                <line number="77" hits="1" branch="False" />
                <line number="78" hits="1" branch="False" />
                <line number="80" hits="4" branch="False" />
                <line number="81" hits="4" branch="False" />
                <line number="82" hits="4" branch="False" />
                <line number="83" hits="4" branch="False" />
                <line number="84" hits="4" branch="False" />
                <line number="85" hits="4" branch="False" />
                <line number="86" hits="4" branch="False" />
                <line number="87" hits="4" branch="False" />
                <line number="88" hits="4" branch="False" />
                <line number="94" hits="4" branch="False" />
                <line number="95" hits="4" branch="False" />
                <line number="96" hits="4" branch="False" />
              </lines>
            </method>
          </methods>
          <lines>
            <line number="54" hits="4" branch="False" />
            <line number="55" hits="4" branch="True" condition-coverage="50% (1/2)">
              <conditions>
                <condition number="45" type="jump" coverage="50%" />
              </conditions>
            </line>
            <line number="56" hits="0" branch="False" />
            <line number="58" hits="4" branch="False" />
            <line number="59" hits="4" branch="False" />
            <line number="60" hits="4" branch="False" />
            <line number="61" hits="4" branch="False" />
            <line number="62" hits="4" branch="False" />
            <line number="67" hits="4" branch="False" />
            <line number="68" hits="4" branch="False" />
            <line number="70" hits="4" branch="False" />
            <line number="71" hits="4" branch="False" />
            <line number="74" hits="4" branch="True" condition-coverage="100% (4/4)">
              <conditions>
                <condition number="598" type="jump" coverage="100%" />
                <condition number="623" type="jump" coverage="100%" />
              </conditions>
            </line>
            <line number="75" hits="1" branch="False" />
            <line number="76" hits="1" branch="False" />
            <line number="77" hits="1" branch="False" />
            <line number="78" hits="1" branch="False" />
            <line number="80" hits="4" branch="False" />
            <line number="81" hits="4" branch="False" />
            <line number="82" hits="4" branch="False" />
            <line number="83" hits="4" branch="False" />
            <line number="84" hits="4" branch="False" />
            <line number="85" hits="4" branch="False" />
            <line number="86" hits="4" branch="False" />
            <line number="87" hits="4" branch="False" />
            <line number="88" hits="4" branch="False" />
            <line number="94" hits="4" branch="False" />
            <line number="95" hits="4" branch="False" />
            <line number="96" hits="4" branch="False" />
          </lines>
        </class>
        <class name="ItauInvestmentBroker.Application.Services.KafkaEventPublisher" filename="ItauInvestmentBroker.Application/Services/KafkaEventPublisher.cs" line-rate="1" branch-rate="1" complexity="1">
          <methods>
            <method name=".ctor" signature="(ItauInvestmentBroker.Application.Common.Interfaces.IKafkaProducer,Microsoft.Extensions.Logging.ILogger`1&lt;ItauInvestmentBroker.Application.Services.KafkaEventPublisher&gt;,Microsoft.Extensions.Options.IOptions`1&lt;ItauInvestmentBroker.Application.Common.Configuration.MotorSettings&gt;)" line-rate="1" branch-rate="1" complexity="1">
              <lines>
                <line number="9" hits="21" branch="False" />
                <line number="10" hits="21" branch="False" />
                <line number="11" hits="21" branch="False" />
                <line number="12" hits="21" branch="False" />
                <line number="14" hits="21" branch="False" />
              </lines>
            </method>
          </methods>
          <lines>
            <line number="9" hits="21" branch="False" />
            <line number="10" hits="21" branch="False" />
            <line number="11" hits="21" branch="False" />
            <line number="12" hits="21" branch="False" />
            <line number="14" hits="21" branch="False" />
          </lines>
        </class>
        <class name="ItauInvestmentBroker.Application.Services.KafkaEventPublisher/&lt;PublicarEventosIr&gt;d__6" filename="ItauInvestmentBroker.Application/Services/KafkaEventPublisher.cs" line-rate="1" branch-rate="1" complexity="4">
          <methods>
            <method name="MoveNext" signature="()" line-rate="1" branch-rate="1" complexity="4">
              <lines>
                <line number="21" hits="13" branch="False" />
                <line number="22" hits="63" branch="True" condition-coverage="100% (2/2)">
                  <conditions>
                    <condition number="367" type="jump" coverage="100%" />
                  </conditions>
                </line>
                <line number="23" hits="12" branch="False" />
                <line number="24" hits="12" branch="False" />
                <line number="25" hits="12" branch="False" />
                <line number="26" hits="12" branch="False" />
                <line number="27" hits="12" branch="False" />
                <line number="28" hits="12" branch="False" />
                <line number="29" hits="12" branch="False" />
                <line number="31" hits="47" branch="True" condition-coverage="100% (2/2)">
                  <conditions>
                    <condition number="677" type="jump" coverage="100%" />
                  </conditions>
                </line>
                <line number="32" hits="4" branch="False" />
                <line number="33" hits="4" branch="False" />
                <line number="34" hits="4" branch="False" />
                <line number="35" hits="4" branch="False" />
                <line number="36" hits="4" branch="False" />
                <line number="37" hits="4" branch="False" />
                <line number="38" hits="4" branch="False" />
                <line number="39" hits="13" branch="False" />
              </lines>
            </method>
          </methods>
          <lines>
            <line number="21" hits="13" branch="False" />
            <line number="22" hits="63" branch="True" condition-coverage="100% (2/2)">
              <conditions>
                <condition number="367" type="jump" coverage="100%" />
              </conditions>
            </line>
            <line number="23" hits="12" branch="False" />
            <line number="24" hits="12" branch="False" />
            <line number="25" hits="12" branch="False" />
            <line number="26" hits="12" branch="False" />
            <line number="27" hits="12" branch="False" />
            <line number="28" hits="12" branch="False" />
            <line number="29" hits="12" branch="False" />
            <line number="31" hits="47" branch="True" condition-coverage="100% (2/2)">
              <conditions>
                <condition number="677" type="jump" coverage="100%" />
              </conditions>
            </line>
            <line number="32" hits="4" branch="False" />
            <line number="33" hits="4" branch="False" />
            <line number="34" hits="4" branch="False" />
            <line number="35" hits="4" branch="False" />
            <line number="36" hits="4" branch="False" />
            <line number="37" hits="4" branch="False" />
            <line number="38" hits="4" branch="False" />
            <line number="39" hits="13" branch="False" />
          </lines>
        </class>
        <class name="ItauInvestmentBroker.Application.Services.KafkaEventPublisher/&lt;PublicarMotorExecucaoFalhou&gt;d__8" filename="ItauInvestmentBroker.Application/Services/KafkaEventPublisher.cs" line-rate="1" branch-rate="1" complexity="1">
          <methods>
            <method name="MoveNext" signature="()" line-rate="1" branch-rate="1" complexity="1">
              <lines>
                <line number="51" hits="1" branch="False" />
                <line number="52" hits="1" branch="False" />
                <line number="53" hits="1" branch="False" />
                <line number="54" hits="1" branch="False" />
                <line number="55" hits="1" branch="False" />
                <line number="56" hits="1" branch="False" />
                <line number="57" hits="1" branch="False" />
              </lines>
            </method>
          </methods>
          <lines>
            <line number="51" hits="1" branch="False" />
            <line number="52" hits="1" branch="False" />
            <line number="53" hits="1" branch="False" />
            <line number="54" hits="1" branch="False" />
            <line number="55" hits="1" branch="False" />
            <line number="56" hits="1" branch="False" />
            <line number="57" hits="1" branch="False" />
          </lines>
        </class>
        <class name="ItauInvestmentBroker.Application.Services.KafkaEventPublisher/&lt;PublicarOrdemCompraExecutada&gt;d__7" filename="ItauInvestmentBroker.Application/Services/KafkaEventPublisher.cs" line-rate="1" branch-rate="1" complexity="1">
          <methods>
            <method name="MoveNext" signature="()" line-rate="1" branch-rate="1" complexity="1">
              <lines>
                <line number="42" hits="5" branch="False" />
                <line number="43" hits="5" branch="False" />
                <line number="44" hits="5" branch="False" />
                <line number="45" hits="5" branch="False" />
                <line number="46" hits="5" branch="False" />
                <line number="47" hits="5" branch="False" />
                <line number="48" hits="5" branch="False" />
              </lines>
            </method>
          </methods>
          <lines>
            <line number="42" hits="5" branch="False" />
            <line number="43" hits="5" branch="False" />
            <line number="44" hits="5" branch="False" />
            <line number="45" hits="5" branch="False" />
            <line number="46" hits="5" branch="False" />
            <line number="47" hits="5" branch="False" />
            <line number="48" hits="5" branch="False" />
          </lines>
        </class>
        <class name="ItauInvestmentBroker.Application.Services.KafkaEventPublisher/&lt;PublishWithRetry&gt;d__9`1" filename="ItauInvestmentBroker.Application/Services/KafkaEventPublisher.cs" line-rate="0.3461" branch-rate="0.25" complexity="4">
          <methods>
            <method name="MoveNext" signature="()" line-rate="0.3461" branch-rate="0.25" complexity="4">
              <lines>
                <line number="60" hits="22" branch="False" />
                <line number="61" hits="22" branch="False" />
                <line number="62" hits="22" branch="False" />
                <line number="64" hits="22" branch="True" condition-coverage="50% (1/2)">
                  <conditions>
                    <condition number="595" type="jump" coverage="50%" />
                  </conditions>
                </line>
                <line number="65" hits="22" branch="False" />
                <line number="67" hits="22" branch="False" />
                <line number="68" hits="22" branch="False" />
                <line number="69" hits="22" branch="False" />
                <line number="71" hits="0" branch="False" />
                <line number="72" hits="0" branch="False" />
                <line number="73" hits="0" branch="True" condition-coverage="0% (0/2)">
                  <conditions>
                    <condition number="265" type="jump" coverage="0%" />
                  </conditions>
                </line>
                <line number="74" hits="0" branch="False" />
                <line number="75" hits="0" branch="False" />
                <line number="76" hits="0" branch="False" />
                <line number="77" hits="0" branch="False" />
                <line number="78" hits="0" branch="False" />
                <line number="81" hits="0" branch="False" />
                <line number="82" hits="0" branch="False" />
                <line number="83" hits="0" branch="False" />
                <line number="85" hits="0" branch="False" />
                <line number="86" hits="0" branch="False" />
                <line number="87" hits="0" branch="False" />
                <line number="88" hits="0" branch="False" />
                <line number="89" hits="0" branch="False" />
                <line number="91" hits="0" branch="False" />
                <line number="92" hits="22" branch="False" />
              </lines>
            </method>
          </methods>
          <lines>
            <line number="60" hits="22" branch="False" />
            <line number="61" hits="22" branch="False" />
            <line number="62" hits="22" branch="False" />
            <line number="64" hits="22" branch="True" condition-coverage="50% (1/2)">
              <conditions>
                <condition number="595" type="jump" coverage="50%" />
              </conditions>
            </line>
            <line number="65" hits="22" branch="False" />
            <line number="67" hits="22" branch="False" />
            <line number="68" hits="22" branch="False" />
            <line number="69" hits="22" branch="False" />
            <line number="71" hits="0" branch="False" />
            <line number="72" hits="0" branch="False" />
            <line number="73" hits="0" branch="True" condition-coverage="0% (0/2)">
              <conditions>
                <condition number="265" type="jump" coverage="0%" />
              </conditions>
            </line>
            <line number="74" hits="0" branch="False" />
            <line number="75" hits="0" branch="False" />
            <line number="76" hits="0" branch="False" />
            <line number="77" hits="0" branch="False" />
            <line number="78" hits="0" branch="False" />
            <line number="81" hits="0" branch="False" />
            <line number="82" hits="0" branch="False" />
            <line number="83" hits="0" branch="False" />
            <line number="85" hits="0" branch="False" />
            <line number="86" hits="0" branch="False" />
            <line number="87" hits="0" branch="False" />
            <line number="88" hits="0" branch="False" />
            <line number="89" hits="0" branch="False" />
            <line number="91" hits="0" branch="False" />
            <line number="92" hits="22" branch="False" />
          </lines>
        </class>
        <class name="ItauInvestmentBroker.Application.Features.Rentabilidade.UseCases.ConsultarRentabilidadeUseCase" filename="ItauInvestmentBroker.Application/Features/Rentabilidade/UseCases/ConsultarRentabilidadeUseCase.cs" line-rate="1" branch-rate="1" complexity="1">
          <methods>
            <method name=".ctor" signature="(ItauInvestmentBroker.Domain.Clientes.Repositories.IClienteRepository,ItauInvestmentBroker.Domain.Clientes.Repositories.IContaGraficaRepository,ItauInvestmentBroker.Domain.Motor.Repositories.ICustodiaRepository,ItauInvestmentBroker.Application.Common.Interfaces.ICotacaoService)" line-rate="1" branch-rate="1" complexity="1">
              <lines>
                <line number="12" hits="6" branch="False" />
                <line number="13" hits="6" branch="False" />
                <line number="14" hits="6" branch="False" />
                <line number="15" hits="6" branch="False" />
                <line number="16" hits="6" branch="False" />
              </lines>
            </method>
          </methods>
          <lines>
            <line number="12" hits="6" branch="False" />
            <line number="13" hits="6" branch="False" />
            <line number="14" hits="6" branch="False" />
            <line number="15" hits="6" branch="False" />
            <line number="16" hits="6" branch="False" />
          </lines>
        </class>
        <class name="ItauInvestmentBroker.Application.Features.Rentabilidade.UseCases.ConsultarRentabilidadeUseCase/&lt;&gt;c__DisplayClass5_0" filename="ItauInvestmentBroker.Application/Features/Rentabilidade/UseCases/ConsultarRentabilidadeUseCase.cs" line-rate="1" branch-rate="0.5" complexity="2">
          <methods>
            <method name="&lt;Executar&gt;b__0" signature="(ItauInvestmentBroker.Application.Features.Rentabilidade.DTOs.AtivoRentabilidadeResponse)" line-rate="1" branch-rate="0.5" complexity="2">
              <lines>
                <line number="68" hits="9" branch="True" condition-coverage="50% (1/2)">
                  <conditions>
                    <condition number="23" type="jump" coverage="50%" />
                  </conditions>
                </line>
                <line number="69" hits="9" branch="False" />
                <line number="70" hits="9" branch="False" />
                <line number="71" hits="9" branch="False" />
                <line number="72" hits="9" branch="False" />
                <line number="73" hits="9" branch="False" />
              </lines>
            </method>
          </methods>
          <lines>
            <line number="68" hits="9" branch="True" condition-coverage="50% (1/2)">
              <conditions>
                <condition number="23" type="jump" coverage="50%" />
              </conditions>
            </line>
            <line number="69" hits="9" branch="False" />
            <line number="70" hits="9" branch="False" />
            <line number="71" hits="9" branch="False" />
            <line number="72" hits="9" branch="False" />
            <line number="73" hits="9" branch="False" />
          </lines>
        </class>
        <class name="ItauInvestmentBroker.Application.Features.Rentabilidade.UseCases.ConsultarRentabilidadeUseCase/&lt;Executar&gt;d__5" filename="ItauInvestmentBroker.Application/Features/Rentabilidade/UseCases/ConsultarRentabilidadeUseCase.cs" line-rate="1" branch-rate="0.9166" complexity="12">
          <methods>
            <method name="MoveNext" signature="()" line-rate="1" branch-rate="0.9166" complexity="12">
              <lines>
                <line number="19" hits="6" branch="False" />
                <line number="20" hits="6" branch="True" condition-coverage="100% (2/2)">
                  <conditions>
                    <condition number="182" type="jump" coverage="100%" />
                  </conditions>
                </line>
                <line number="21" hits="6" branch="False" />
                <line number="22" hits="6" branch="False" />
                <line number="23" hits="6" branch="False" />
                <line number="26" hits="5" branch="True" condition-coverage="100% (2/2)">
                  <conditions>
                    <condition number="399" type="jump" coverage="100%" />
                  </conditions>
                </line>
                <line number="27" hits="5" branch="False" />
                <line number="28" hits="5" branch="False" />
                <line number="29" hits="5" branch="False" />
                <line number="31" hits="4" branch="False" />
                <line number="33" hits="4" branch="False" />
                <line number="34" hits="4" branch="False" />
                <line number="35" hits="4" branch="False" />
                <line number="37" hits="24" branch="True" condition-coverage="100% (2/2)">
                  <conditions>
                    <condition number="1071" type="jump" coverage="100%" />
                  </conditions>
                </line>
                <line number="38" hits="6" branch="False" />
                <line number="39" hits="6" branch="True" condition-coverage="100% (2/2)">
                  <conditions>
                    <condition number="736" type="jump" coverage="100%" />
                  </conditions>
                </line>
                <line number="40" hits="1" branch="False" />
                <line number="42" hits="5" branch="False" />
                <line number="43" hits="5" branch="True" condition-coverage="50% (1/2)">
                  <conditions>
                    <condition number="784" type="jump" coverage="50%" />
                  </conditions>
                </line>
                <line number="45" hits="5" branch="False" />
                <line number="46" hits="5" branch="False" />
                <line number="47" hits="5" branch="False" />
                <line number="49" hits="5" branch="False" />
                <line number="50" hits="5" branch="False" />
                <line number="52" hits="5" branch="False" />
                <line number="53" hits="5" branch="False" />
                <line number="54" hits="5" branch="False" />
                <line number="55" hits="5" branch="False" />
                <line number="56" hits="5" branch="False" />
                <line number="57" hits="5" branch="False" />
                <line number="58" hits="5" branch="False" />
                <line number="59" hits="5" branch="False" />
                <line number="60" hits="5" branch="False" />
                <line number="61" hits="5" branch="False" />
                <line number="62" hits="5" branch="False" />
                <line number="63" hits="5" branch="False" />
                <line number="64" hits="5" branch="False" />
                <line number="65" hits="5" branch="False" />
                <line number="76" hits="4" branch="False" />
                <line number="78" hits="4" branch="True" condition-coverage="100% (2/2)">
                  <conditions>
                    <condition number="1197" type="jump" coverage="100%" />
                  </conditions>
                </line>
                <line number="79" hits="4" branch="False" />
                <line number="80" hits="4" branch="False" />
                <line number="81" hits="4" branch="False" />
                <line number="82" hits="4" branch="False" />
                <line number="84" hits="4" branch="False" />
                <line number="85" hits="4" branch="False" />
                <line number="86" hits="4" branch="False" />
                <line number="87" hits="4" branch="False" />
                <line number="88" hits="4" branch="False" />
                <line number="89" hits="4" branch="False" />
                <line number="90" hits="4" branch="False" />
                <line number="91" hits="4" branch="False" />
                <line number="92" hits="4" branch="False" />
                <line number="93" hits="4" branch="False" />
                <line number="94" hits="4" branch="False" />
              </lines>
            </method>
          </methods>
          <lines>
            <line number="19" hits="6" branch="False" />
            <line number="20" hits="6" branch="True" condition-coverage="100% (2/2)">
              <conditions>
                <condition number="182" type="jump" coverage="100%" />
              </conditions>
            </line>
            <line number="21" hits="6" branch="False" />
            <line number="22" hits="6" branch="False" />
            <line number="23" hits="6" branch="False" />
            <line number="26" hits="5" branch="True" condition-coverage="100% (2/2)">
              <conditions>
                <condition number="399" type="jump" coverage="100%" />
              </conditions>
            </line>
            <line number="27" hits="5" branch="False" />
            <line number="28" hits="5" branch="False" />
            <line number="29" hits="5" branch="False" />
            <line number="31" hits="4" branch="False" />
            <line number="33" hits="4" branch="False" />
            <line number="34" hits="4" branch="False" />
            <line number="35" hits="4" branch="False" />
            <line number="37" hits="24" branch="True" condition-coverage="100% (2/2)">
              <conditions>
                <condition number="1071" type="jump" coverage="100%" />
              </conditions>
            </line>
            <line number="38" hits="6" branch="False" />
            <line number="39" hits="6" branch="True" condition-coverage="100% (2/2)">
              <conditions>
                <condition number="736" type="jump" coverage="100%" />
              </conditions>
            </line>
            <line number="40" hits="1" branch="False" />
            <line number="42" hits="5" branch="False" />
            <line number="43" hits="5" branch="True" condition-coverage="50% (1/2)">
              <conditions>
                <condition number="784" type="jump" coverage="50%" />
              </conditions>
            </line>
            <line number="45" hits="5" branch="False" />
            <line number="46" hits="5" branch="False" />
            <line number="47" hits="5" branch="False" />
            <line number="49" hits="5" branch="False" />
            <line number="50" hits="5" branch="False" />
            <line number="52" hits="5" branch="False" />
            <line number="53" hits="5" branch="False" />
            <line number="54" hits="5" branch="False" />
            <line number="55" hits="5" branch="False" />
            <line number="56" hits="5" branch="False" />
            <line number="57" hits="5" branch="False" />
            <line number="58" hits="5" branch="False" />
            <line number="59" hits="5" branch="False" />
            <line number="60" hits="5" branch="False" />
            <line number="61" hits="5" branch="False" />
            <line number="62" hits="5" branch="False" />
            <line number="63" hits="5" branch="False" />
            <line number="64" hits="5" branch="False" />
            <line number="65" hits="5" branch="False" />
            <line number="76" hits="4" branch="False" />
            <line number="78" hits="4" branch="True" condition-coverage="100% (2/2)">
              <conditions>
                <condition number="1197" type="jump" coverage="100%" />
              </conditions>
            </line>
            <line number="79" hits="4" branch="False" />
            <line number="80" hits="4" branch="False" />
            <line number="81" hits="4" branch="False" />
            <line number="82" hits="4" branch="False" />
            <line number="84" hits="4" branch="False" />
            <line number="85" hits="4" branch="False" />
            <line number="86" hits="4" branch="False" />
            <line number="87" hits="4" branch="False" />
            <line number="88" hits="4" branch="False" />
            <line number="89" hits="4" branch="False" />
            <line number="90" hits="4" branch="False" />
            <line number="91" hits="4" branch="False" />
            <line number="92" hits="4" branch="False" />
            <line number="93" hits="4" branch="False" />
            <line number="94" hits="4" branch="False" />
          </lines>
        </class>
        <class name="ItauInvestmentBroker.Application.Features.Rentabilidade.DTOs.RentabilidadeResponse" filename="ItauInvestmentBroker.Application/Features/Rentabilidade/DTOs/RentabilidadeResponse.cs" line-rate="0.8887999999999999" branch-rate="1" complexity="8">
          <methods>
            <method name="get_ClienteId" signature="()" line-rate="1" branch-rate="1" complexity="1">
              <lines>
                <line number="4" hits="1" branch="False" />
              </lines>
            </method>
            <method name="get_Nome" signature="()" line-rate="0" branch-rate="1" complexity="1">
              <lines>
                <line number="5" hits="0" branch="False" />
              </lines>
            </method>
            <method name="get_ValorInvestidoTotal" signature="()" line-rate="1" branch-rate="1" complexity="1">
              <lines>
                <line number="6" hits="2" branch="False" />
              </lines>
            </method>
            <method name="get_ValorAtualTotal" signature="()" line-rate="1" branch-rate="1" complexity="1">
              <lines>
                <line number="7" hits="2" branch="False" />
              </lines>
            </method>
            <method name="get_PlTotal" signature="()" line-rate="1" branch-rate="1" complexity="1">
              <lines>
                <line number="8" hits="1" branch="False" />
              </lines>
            </method>
            <method name="get_RentabilidadePercentual" signature="()" line-rate="1" branch-rate="1" complexity="1">
              <lines>
                <line number="9" hits="2" branch="False" />
              </lines>
            </method>
            <method name="get_Ativos" signature="()" line-rate="1" branch-rate="1" complexity="1">
              <lines>
                <line number="10" hits="5" branch="False" />
              </lines>
            </method>
            <method name=".ctor" signature="(System.Int64,System.String,System.Decimal,System.Decimal,System.Decimal,System.Decimal,System.Collections.Generic.List`1&lt;ItauInvestmentBroker.Application.Features.Rentabilidade.DTOs.AtivoRentabilidadeResponse&gt;)" line-rate="1" branch-rate="1" complexity="1">
              <lines>
                <line number="3" hits="4" branch="False" />
                <line number="11" hits="4" branch="False" />
              </lines>
            </method>
          </methods>
          <lines>
            <line number="4" hits="1" branch="False" />
            <line number="5" hits="0" branch="False" />
            <line number="6" hits="2" branch="False" />
            <line number="7" hits="2" branch="False" />
            <line number="8" hits="1" branch="False" />
            <line number="9" hits="2" branch="False" />
            <line number="10" hits="5" branch="False" />
            <line number="3" hits="4" branch="False" />
            <line number="11" hits="4" branch="False" />
          </lines>
        </class>
        <class name="ItauInvestmentBroker.Application.Features.Rentabilidade.DTOs.AtivoRentabilidadeResponse" filename="ItauInvestmentBroker.Application/Features/Rentabilidade/DTOs/RentabilidadeResponse.cs" line-rate="0.5555" branch-rate="1" complexity="8">
          <methods>
            <method name="get_Ticker" signature="()" line-rate="1" branch-rate="1" complexity="1">
              <lines>
                <line number="14" hits="1" branch="False" />
              </lines>
            </method>
            <method name="get_Quantidade" signature="()" line-rate="0" branch-rate="1" complexity="1">
              <lines>
                <line number="15" hits="0" branch="False" />
              </lines>
            </method>
            <method name="get_PrecoMedio" signature="()" line-rate="0" branch-rate="1" complexity="1">
              <lines>
                <line number="16" hits="0" branch="False" />
              </lines>
            </method>
            <method name="get_CotacaoAtual" signature="()" line-rate="0" branch-rate="1" complexity="1">
              <lines>
                <line number="17" hits="0" branch="False" />
              </lines>
            </method>
            <method name="get_ValorAtual" signature="()" line-rate="1" branch-rate="1" complexity="1">
              <lines>
                <line number="18" hits="5" branch="False" />
              </lines>
            </method>
            <method name="get_Pl" signature="()" line-rate="0" branch-rate="1" complexity="1">
              <lines>
                <line number="19" hits="0" branch="False" />
              </lines>
            </method>
            <method name="get_ComposicaoPercentual" signature="()" line-rate="1" branch-rate="1" complexity="1">
              <lines>
                <line number="20" hits="7" branch="False" />
              </lines>
            </method>
            <method name=".ctor" signature="(System.String,System.Int32,System.Decimal,System.Decimal,System.Decimal,System.Decimal,System.Decimal)" line-rate="1" branch-rate="1" complexity="1">
              <lines>
                <line number="13" hits="5" branch="False" />
                <line number="21" hits="5" branch="False" />
              </lines>
            </method>
          </methods>
          <lines>
            <line number="14" hits="1" branch="False" />
            <line number="15" hits="0" branch="False" />
            <line number="16" hits="0" branch="False" />
            <line number="17" hits="0" branch="False" />
            <line number="18" hits="5" branch="False" />
            <line number="19" hits="0" branch="False" />
            <line number="20" hits="7" branch="False" />
            <line number="13" hits="5" branch="False" />
            <line number="21" hits="5" branch="False" />
          </lines>
        </class>
        <class name="ItauInvestmentBroker.Application.Features.Motor.UseCases.ExecutarCompraUseCase" filename="ItauInvestmentBroker.Application/Features/Motor/UseCases/ExecutarCompraUseCase.cs" line-rate="0.9044" branch-rate="0.8928" complexity="29">
          <methods>
            <method name="ObterCodigoErro" signature="(System.Exception)" line-rate="0.8571" branch-rate="0.5" complexity="2">
              <lines>
                <line number="178" hits="1" branch="False" />
                <line number="179" hits="1" branch="True" condition-coverage="50% (1/2)">
                  <conditions>
                    <condition number="13" type="jump" coverage="50%" />
                  </conditions>
                </line>
                <line number="180" hits="1" branch="False" />
                <line number="181" hits="0" branch="False" />
                <line number="182" hits="1" branch="False" />
                <line number="183" hits="1" branch="False" />
                <line number="184" hits="1" branch="False" />
              </lines>
            </method>
            <method name="CriarOrdemCompra" signature="(System.Collections.Generic.List`1&lt;ItauInvestmentBroker.Application.Features.Motor.UseCases.ExecutarCompraUseCase/ItemCompraInfo&gt;,System.Int64,System.Int64,System.DateTime)" line-rate="1" branch-rate="1" complexity="6">
              <lines>
                <line number="257" hits="6" branch="False" />
                <line number="258" hits="6" branch="False" />
                <line number="259" hits="6" branch="False" />
                <line number="260" hits="6" branch="False" />
                <line number="261" hits="6" branch="False" />
                <line number="262" hits="9" branch="False" />
                <line number="263" hits="6" branch="False" />
                <line number="264" hits="6" branch="False" />
                <line number="265" hits="6" branch="False" />
                <line number="267" hits="36" branch="True" condition-coverage="100% (2/2)">
                  <conditions>
                    <condition number="338" type="jump" coverage="100%" />
                  </conditions>
                </line>
                <line number="268" hits="9" branch="False" />
                <line number="269" hits="9" branch="True" condition-coverage="100% (2/2)">
                  <conditions>
                    <condition number="117" type="jump" coverage="100%" />
                  </conditions>
                </line>
                <line number="270" hits="2" branch="False" />
                <line number="271" hits="2" branch="False" />
                <line number="272" hits="2" branch="False" />
                <line number="273" hits="2" branch="False" />
                <line number="274" hits="2" branch="False" />
                <line number="275" hits="2" branch="False" />
                <line number="276" hits="2" branch="False" />
                <line number="277" hits="2" branch="False" />
                <line number="279" hits="9" branch="True" condition-coverage="100% (2/2)">
                  <conditions>
                    <condition number="225" type="jump" coverage="100%" />
                  </conditions>
                </line>
                <line number="280" hits="8" branch="False" />
                <line number="281" hits="8" branch="False" />
                <line number="282" hits="8" branch="False" />
                <line number="283" hits="8" branch="False" />
                <line number="284" hits="8" branch="False" />
                <line number="285" hits="8" branch="False" />
                <line number="286" hits="8" branch="False" />
                <line number="287" hits="8" branch="False" />
                <line number="288" hits="8" branch="False" />
                <line number="289" hits="9" branch="False" />
                <line number="291" hits="6" branch="False" />
                <line number="292" hits="6" branch="False" />
              </lines>
            </method>
            <method name="ZerarSaldoMasterConsumido" signature="(System.Collections.Generic.List`1&lt;ItauInvestmentBroker.Application.Features.Motor.UseCases.ExecutarCompraUseCase/ItemCompraInfo&gt;,System.Int64,System.Collections.Generic.Dictionary`2&lt;System.ValueTuple`2&lt;System.Int64,System.String&gt;,ItauInvestmentBroker.Domain.Motor.Entities.Custodia&gt;)" line-rate="1" branch-rate="1" complexity="6">
              <lines>
                <line number="298" hits="6" branch="False" />
                <line number="299" hits="36" branch="True" condition-coverage="100% (2/2)">
                  <conditions>
                    <condition number="78" type="jump" coverage="100%" />
                  </conditions>
                </line>
                <line number="300" hits="9" branch="True" condition-coverage="100% (2/2)">
                  <conditions>
                    <condition number="30" type="jump" coverage="100%" />
                  </conditions>
                </line>
                <line number="301" hits="1" branch="True" condition-coverage="100% (2/2)">
                  <conditions>
                    <condition number="61" type="jump" coverage="100%" />
                  </conditions>
                </line>
                <line number="302" hits="1" branch="False" />
                <line number="303" hits="1" branch="False" />
                <line number="304" hits="6" branch="False" />
              </lines>
            </method>
            <method name="DistribuirParaClientes" signature="(ItauInvestmentBroker.Domain.Motor.Entities.OrdemCompra,System.Collections.Generic.List`1&lt;ItauInvestmentBroker.Application.Features.Motor.UseCases.ExecutarCompraUseCase/ItemCompraInfo&gt;,System.Collections.Generic.List`1&lt;ItauInvestmentBroker.Domain.Clientes.Entities.Cliente&gt;,ItauInvestmentBroker.Domain.Clientes.Entities.ContaGrafica,System.Decimal,System.Decimal,System.Collections.Generic.Dictionary`2&lt;System.ValueTuple`2&lt;System.Int64,System.String&gt;,ItauInvestmentBroker.Domain.Motor.Entities.Custodia&gt;)" line-rate="0.9756" branch-rate="1" complexity="8">
              <lines>
                <line number="310" hits="6" branch="False" />
                <line number="311" hits="6" branch="False" />
                <line number="312" hits="6" branch="False" />
                <line number="313" hits="6" branch="False" />
                <line number="314" hits="6" branch="False" />
                <line number="315" hits="6" branch="False" />
                <line number="317" hits="6" branch="False" />
                <line number="318" hits="6" branch="False" />
                <line number="320" hits="36" branch="True" condition-coverage="100% (2/2)">
                  <conditions>
                    <condition number="477" type="jump" coverage="100%" />
                  </conditions>
                </line>
                <line number="321" hits="45" branch="True" condition-coverage="100% (2/2)">
                  <conditions>
                    <condition number="448" type="jump" coverage="100%" />
                  </conditions>
                </line>
                <line number="322" hits="9" branch="False" />
                <line number="324" hits="9" branch="False" />
                <line number="326" hits="9" branch="False" />
                <line number="328" hits="9" branch="True" condition-coverage="100% (2/2)">
                  <conditions>
                    <condition number="172" type="jump" coverage="100%" />
                  </conditions>
                </line>
                <line number="329" hits="0" branch="False" />
                <line number="331" hits="9" branch="False" />
                <line number="333" hits="9" branch="False" />
                <line number="334" hits="9" branch="False" />
                <line number="335" hits="9" branch="False" />
                <line number="336" hits="9" branch="False" />
                <line number="337" hits="9" branch="False" />
                <line number="338" hits="9" branch="False" />
                <line number="340" hits="9" branch="True" condition-coverage="100% (2/2)">
                  <conditions>
                    <condition number="280" type="jump" coverage="100%" />
                  </conditions>
                </line>
                <line number="341" hits="6" branch="False" />
                <line number="342" hits="9" branch="False" />
                <line number="345" hits="9" branch="False" />
                <line number="346" hits="9" branch="False" />
                <line number="347" hits="9" branch="False" />
                <line number="350" hits="9" branch="False" />
                <line number="351" hits="9" branch="False" />
                <line number="352" hits="9" branch="False" />
                <line number="353" hits="9" branch="False" />
                <line number="355" hits="6" branch="False" />
                <line number="356" hits="6" branch="False" />
                <line number="357" hits="6" branch="False" />
                <line number="358" hits="6" branch="False" />
                <line number="359" hits="6" branch="False" />
                <line number="360" hits="6" branch="False" />
                <line number="361" hits="6" branch="False" />
                <line number="363" hits="6" branch="False" />
                <line number="364" hits="6" branch="False" />
              </lines>
            </method>
            <method name="AdicionarResiduoMaster" signature="(ItauInvestmentBroker.Domain.Motor.Entities.OrdemCompra,System.Collections.Generic.List`1&lt;ItauInvestmentBroker.Application.Features.Motor.UseCases.ExecutarCompraUseCase/ItemCompraInfo&gt;,ItauInvestmentBroker.Domain.Clientes.Entities.ContaGrafica,System.Collections.Generic.Dictionary`2&lt;System.ValueTuple`2&lt;System.Int64,System.String&gt;,ItauInvestmentBroker.Domain.Motor.Entities.Custodia&gt;)" line-rate="0.6363" branch-rate="0.75" complexity="4">
              <lines>
                <line number="370" hits="5" branch="False" />
                <line number="371" hits="31" branch="True" condition-coverage="100% (2/2)">
                  <conditions>
                    <condition number="83" type="jump" coverage="100%" />
                  </conditions>
                </line>
                <line number="372" hits="8" branch="False" />
                <line number="374" hits="8" branch="False" />
                <line number="375" hits="8" branch="True" condition-coverage="50% (1/2)">
                  <conditions>
                    <condition number="43" type="jump" coverage="50%" />
                  </conditions>
                </line>
                <line number="376" hits="8" branch="False" />
                <line number="378" hits="0" branch="False" />
                <line number="379" hits="0" branch="False" />
                <line number="380" hits="0" branch="False" />
                <line number="381" hits="0" branch="False" />
                <line number="382" hits="5" branch="False" />
              </lines>
            </method>
            <method name="AtualizarCustodiaComCache" signature="(System.Int64,System.String,System.Int32,System.Decimal,System.Collections.Generic.Dictionary`2&lt;System.ValueTuple`2&lt;System.Int64,System.String&gt;,ItauInvestmentBroker.Domain.Motor.Entities.Custodia&gt;)" line-rate="0.6818000000000001" branch-rate="0.5" complexity="2">
              <lines>
                <line number="390" hits="9" branch="False" />
                <line number="391" hits="9" branch="False" />
                <line number="392" hits="9" branch="False" />
                <line number="394" hits="9" branch="True" condition-coverage="50% (1/2)">
                  <conditions>
                    <condition number="31" type="jump" coverage="50%" />
                  </conditions>
                </line>
                <line number="395" hits="0" branch="False" />
                <line number="396" hits="0" branch="False" />
                <line number="397" hits="0" branch="False" />
                <line number="398" hits="0" branch="False" />
                <line number="399" hits="0" branch="False" />
                <line number="400" hits="0" branch="False" />
                <line number="401" hits="0" branch="False" />
                <line number="404" hits="9" branch="False" />
                <line number="405" hits="9" branch="False" />
                <line number="406" hits="9" branch="False" />
                <line number="407" hits="9" branch="False" />
                <line number="408" hits="9" branch="False" />
                <line number="409" hits="9" branch="False" />
                <line number="410" hits="9" branch="False" />
                <line number="411" hits="9" branch="False" />
                <line number="413" hits="9" branch="False" />
                <line number="414" hits="9" branch="False" />
                <line number="415" hits="9" branch="False" />
              </lines>
            </method>
            <method name=".ctor" signature="(ItauInvestmentBroker.Domain.Cestas.Repositories.ICestaRepository,ItauInvestmentBroker.Domain.Clientes.Repositories.IClienteRepository,ItauInvestmentBroker.Domain.Clientes.Repositories.IContaGraficaRepository,ItauInvestmentBroker.Domain.Motor.Repositories.ICustodiaRepository,ItauInvestmentBroker.Domain.Motor.Repositories.IOrdemCompraRepository,ItauInvestmentBroker.Domain.Motor.Repositories.IDistribuicaoRepository,ItauInvestmentBroker.Application.Common.Interfaces.ICotacaoService,ItauInvestmentBroker.Application.Services.IrCalculationService,ItauInvestmentBroker.Application.Services.KafkaEventPublisher,Microsoft.Extensions.Logging.ILogger`1&lt;ItauInvestmentBroker.Application.Features.Motor.UseCases.ExecutarCompraUseCase&gt;,ItauInvestmentBroker.Application.Common.Interfaces.IDateTimeProvider,ItauInvestmentBroker.Domain.Common.IUnitOfWork,Microsoft.Extensions.Options.IOptions`1&lt;ItauInvestmentBroker.Application.Common.Configuration.MotorSettings&gt;)" line-rate="1" branch-rate="1" complexity="1">
              <lines>
                <line number="21" hits="10" branch="False" />
                <line number="22" hits="10" branch="False" />
                <line number="23" hits="10" branch="False" />
                <line number="24" hits="10" branch="False" />
                <line number="25" hits="10" branch="False" />
                <line number="26" hits="10" branch="False" />
                <line number="27" hits="10" branch="False" />
                <line number="28" hits="10" branch="False" />
                <line number="29" hits="10" branch="False" />
                <line number="30" hits="10" branch="False" />
                <line number="31" hits="10" branch="False" />
                <line number="32" hits="10" branch="False" />
                <line number="33" hits="10" branch="False" />
                <line number="34" hits="10" branch="False" />
                <line number="37" hits="10" branch="False" />
              </lines>
            </method>
          </methods>
          <lines>
            <line number="178" hits="1" branch="False" />
            <line number="179" hits="1" branch="True" condition-coverage="50% (1/2)">
              <conditions>
                <condition number="13" type="jump" coverage="50%" />
              </conditions>
            </line>
            <line number="180" hits="1" branch="False" />
            <line number="181" hits="0" branch="False" />
            <line number="182" hits="1" branch="False" />
            <line number="183" hits="1" branch="False" />
            <line number="184" hits="1" branch="False" />
            <line number="257" hits="6" branch="False" />
            <line number="258" hits="6" branch="False" />
            <line number="259" hits="6" branch="False" />
            <line number="260" hits="6" branch="False" />
            <line number="261" hits="6" branch="False" />
            <line number="262" hits="9" branch="False" />
            <line number="263" hits="6" branch="False" />
            <line number="264" hits="6" branch="False" />
            <line number="265" hits="6" branch="False" />
            <line number="267" hits="36" branch="True" condition-coverage="100% (2/2)">
              <conditions>
                <condition number="338" type="jump" coverage="100%" />
              </conditions>
            </line>
            <line number="268" hits="9" branch="False" />
            <line number="269" hits="9" branch="True" condition-coverage="100% (2/2)">
              <conditions>
                <condition number="117" type="jump" coverage="100%" />
              </conditions>
            </line>
            <line number="270" hits="2" branch="False" />
            <line number="271" hits="2" branch="False" />
            <line number="272" hits="2" branch="False" />
            <line number="273" hits="2" branch="False" />
            <line number="274" hits="2" branch="False" />
            <line number="275" hits="2" branch="False" />
            <line number="276" hits="2" branch="False" />
            <line number="277" hits="2" branch="False" />
            <line number="279" hits="9" branch="True" condition-coverage="100% (2/2)">
              <conditions>
                <condition number="225" type="jump" coverage="100%" />
              </conditions>
            </line>
            <line number="280" hits="8" branch="False" />
            <line number="281" hits="8" branch="False" />
            <line number="282" hits="8" branch="False" />
            <line number="283" hits="8" branch="False" />
            <line number="284" hits="8" branch="False" />
            <line number="285" hits="8" branch="False" />
            <line number="286" hits="8" branch="False" />
            <line number="287" hits="8" branch="False" />
            <line number="288" hits="8" branch="False" />
            <line number="289" hits="9" branch="False" />
            <line number="291" hits="6" branch="False" />
            <line number="292" hits="6" branch="False" />
            <line number="298" hits="6" branch="False" />
            <line number="299" hits="36" branch="True" condition-coverage="100% (2/2)">
              <conditions>
                <condition number="78" type="jump" coverage="100%" />
              </conditions>
            </line>
            <line number="300" hits="9" branch="True" condition-coverage="100% (2/2)">
              <conditions>
                <condition number="30" type="jump" coverage="100%" />
              </conditions>
            </line>
            <line number="301" hits="1" branch="True" condition-coverage="100% (2/2)">
              <conditions>
                <condition number="61" type="jump" coverage="100%" />
              </conditions>
            </line>
            <line number="302" hits="1" branch="False" />
            <line number="303" hits="1" branch="False" />
            <line number="304" hits="6" branch="False" />
            <line number="310" hits="6" branch="False" />
            <line number="311" hits="6" branch="False" />
            <line number="312" hits="6" branch="False" />
            <line number="313" hits="6" branch="False" />
            <line number="314" hits="6" branch="False" />
            <line number="315" hits="6" branch="False" />
            <line number="317" hits="6" branch="False" />
            <line number="318" hits="6" branch="False" />
            <line number="320" hits="36" branch="True" condition-coverage="100% (2/2)">
              <conditions>
                <condition number="477" type="jump" coverage="100%" />
              </conditions>
            </line>
            <line number="321" hits="45" branch="True" condition-coverage="100% (2/2)">
              <conditions>
                <condition number="448" type="jump" coverage="100%" />
              </conditions>
            </line>
            <line number="322" hits="9" branch="False" />
            <line number="324" hits="9" branch="False" />
            <line number="326" hits="9" branch="False" />
            <line number="328" hits="9" branch="True" condition-coverage="100% (2/2)">
              <conditions>
                <condition number="172" type="jump" coverage="100%" />
              </conditions>
            </line>
            <line number="329" hits="0" branch="False" />
            <line number="331" hits="9" branch="False" />
            <line number="333" hits="9" branch="False" />
            <line number="334" hits="9" branch="False" />
            <line number="335" hits="9" branch="False" />
            <line number="336" hits="9" branch="False" />
            <line number="337" hits="9" branch="False" />
            <line number="338" hits="9" branch="False" />
            <line number="340" hits="9" branch="True" condition-coverage="100% (2/2)">
              <conditions>
                <condition number="280" type="jump" coverage="100%" />
              </conditions>
            </line>
            <line number="341" hits="6" branch="False" />
            <line number="342" hits="9" branch="False" />
            <line number="345" hits="9" branch="False" />
            <line number="346" hits="9" branch="False" />
            <line number="347" hits="9" branch="False" />
            <line number="350" hits="9" branch="False" />
            <line number="351" hits="9" branch="False" />
[...]
              <lines>
                <line number="8" hits="9" branch="False" />
              </lines>
            </method>
            <method name="get_Quantidade" signature="()" line-rate="1" branch-rate="1" complexity="1">
              <lines>
                <line number="9" hits="9" branch="False" />
              </lines>
            </method>
            <method name="get_DistribuicaoId" signature="()" line-rate="0" branch-rate="1" complexity="1">
              <lines>
                <line number="11" hits="0" branch="False" />
              </lines>
            </method>
            <method name="get_Distribuicao" signature="()" line-rate="0" branch-rate="1" complexity="1">
              <lines>
                <line number="12" hits="0" branch="False" />
              </lines>
            </method>
            <method name="get_ContaGraficaId" signature="()" line-rate="1" branch-rate="1" complexity="1">
              <lines>
                <line number="14" hits="9" branch="False" />
              </lines>
            </method>
            <method name="get_ContaGrafica" signature="()" line-rate="0" branch-rate="1" complexity="1">
              <lines>
                <line number="15" hits="0" branch="False" />
              </lines>
            </method>
          </methods>
          <lines>
            <line number="8" hits="9" branch="False" />
            <line number="9" hits="9" branch="False" />
            <line number="11" hits="0" branch="False" />
            <line number="12" hits="0" branch="False" />
            <line number="14" hits="9" branch="False" />
            <line number="15" hits="0" branch="False" />
          </lines>
        </class>
        <class name="ItauInvestmentBroker.Domain.Motor.Entities.ItemOrdemCompra" filename="ItauInvestmentBroker.Domain/Motor/Entities/ItemOrdemCompra.cs" line-rate="0.7142000000000001" branch-rate="1" complexity="7">
          <methods>
            <method name="get_Ticker" signature="()" line-rate="1" branch-rate="1" complexity="1">
              <lines>
                <line number="8" hits="10" branch="False" />
              </lines>
            </method>
            <method name="get_Quantidade" signature="()" line-rate="1" branch-rate="1" complexity="1">
              <lines>
                <line number="9" hits="10" branch="False" />
              </lines>
            </method>
            <method name="get_PrecoUnitario" signature="()" line-rate="1" branch-rate="1" complexity="1">
              <lines>
                <line number="10" hits="10" branch="False" />
              </lines>
            </method>
            <method name="get_ValorTotal" signature="()" line-rate="1" branch-rate="1" complexity="1">
              <lines>
                <line number="11" hits="10" branch="False" />
              </lines>
            </method>
            <method name="get_TipoMercado" signature="()" line-rate="1" branch-rate="1" complexity="1">
              <lines>
                <line number="12" hits="10" branch="False" />
              </lines>
            </method>
            <method name="get_OrdemCompraId" signature="()" line-rate="0" branch-rate="1" complexity="1">
              <lines>
                <line number="14" hits="0" branch="False" />
              </lines>
            </method>
            <method name="get_OrdemCompra" signature="()" line-rate="0" branch-rate="1" complexity="1">
              <lines>
                <line number="15" hits="0" branch="False" />
              </lines>
            </method>
          </methods>
          <lines>
            <line number="8" hits="10" branch="False" />
            <line number="9" hits="10" branch="False" />
            <line number="10" hits="10" branch="False" />
            <line number="11" hits="10" branch="False" />
            <line number="12" hits="10" branch="False" />
            <line number="14" hits="0" branch="False" />
            <line number="15" hits="0" branch="False" />
          </lines>
        </class>
        <class name="ItauInvestmentBroker.Domain.Motor.Entities.OrdemCompra" filename="ItauInvestmentBroker.Domain/Motor/Entities/OrdemCompra.cs" line-rate="0.75" branch-rate="1" complexity="8">
          <methods>
            <method name="get_DataExecucao" signature="()" line-rate="1" branch-rate="1" complexity="1">
              <lines>
                <line number="10" hits="25" branch="False" />
              </lines>
            </method>
            <method name="get_Status" signature="()" line-rate="1" branch-rate="1" complexity="1">
              <lines>
                <line number="11" hits="12" branch="False" />
              </lines>
            </method>
            <method name="get_ValorTotal" signature="()" line-rate="1" branch-rate="1" complexity="1">
              <lines>
                <line number="12" hits="11" branch="False" />
              </lines>
            </method>
            <method name="get_ContaGraficaId" signature="()" line-rate="1" branch-rate="1" complexity="1">
              <lines>
                <line number="14" hits="6" branch="False" />
              </lines>
            </method>
            <method name="get_ContaGrafica" signature="()" line-rate="0" branch-rate="1" complexity="1">
              <lines>
                <line number="15" hits="0" branch="False" />
              </lines>
            </method>
            <method name="get_CestaId" signature="()" line-rate="1" branch-rate="1" complexity="1">
              <lines>
                <line number="17" hits="6" branch="False" />
              </lines>
            </method>
            <method name="get_Cesta" signature="()" line-rate="0" branch-rate="1" complexity="1">
              <lines>
                <line number="18" hits="0" branch="False" />
              </lines>
            </method>
            <method name="get_Itens" signature="()" line-rate="1" branch-rate="1" complexity="1">
              <lines>
                <line number="20" hits="16" branch="False" />
              </lines>
            </method>
          </methods>
          <lines>
            <line number="10" hits="25" branch="False" />
            <line number="11" hits="12" branch="False" />
            <line number="12" hits="11" branch="False" />
            <line number="14" hits="6" branch="False" />
            <line number="15" hits="0" branch="False" />
            <line number="17" hits="6" branch="False" />
            <line number="18" hits="0" branch="False" />
            <line number="20" hits="16" branch="False" />
          </lines>
        </class>
        <class name="ItauInvestmentBroker.Domain.Motor.Entities.VendaRebalanceamento" filename="ItauInvestmentBroker.Domain/Motor/Entities/VendaRebalanceamento.cs" line-rate="0.8887999999999999" branch-rate="1" complexity="9">
          <methods>
            <method name="get_ClienteId" signature="()" line-rate="1" branch-rate="1" complexity="1">
              <lines>
                <line number="8" hits="5" branch="False" />
              </lines>
            </method>
            <method name="get_Ticker" signature="()" line-rate="1" branch-rate="1" complexity="1">
              <lines>
                <line number="9" hits="8" branch="False" />
              </lines>
            </method>
            <method name="get_Quantidade" signature="()" line-rate="1" branch-rate="1" complexity="1">
              <lines>
                <line number="10" hits="5" branch="False" />
              </lines>
            </method>
            <method name="get_PrecoVenda" signature="()" line-rate="1" branch-rate="1" complexity="1">
              <lines>
                <line number="11" hits="5" branch="False" />
              </lines>
            </method>
            <method name="get_PrecoMedio" signature="()" line-rate="1" branch-rate="1" complexity="1">
              <lines>
                <line number="12" hits="5" branch="False" />
              </lines>
            </method>
            <method name="get_ValorVenda" signature="()" line-rate="1" branch-rate="1" complexity="1">
              <lines>
                <line number="13" hits="5" branch="False" />
              </lines>
            </method>
            <method name="get_Lucro" signature="()" line-rate="1" branch-rate="1" complexity="1">
              <lines>
                <line number="14" hits="5" branch="False" />
              </lines>
            </method>
            <method name="get_DataVenda" signature="()" line-rate="1" branch-rate="1" complexity="1">
              <lines>
                <line number="15" hits="5" branch="False" />
              </lines>
            </method>
            <method name="get_Cliente" signature="()" line-rate="0" branch-rate="1" complexity="1">
              <lines>
                <line number="17" hits="0" branch="False" />
              </lines>
            </method>
          </methods>
          <lines>
            <line number="8" hits="5" branch="False" />
            <line number="9" hits="8" branch="False" />
            <line number="10" hits="5" branch="False" />
            <line number="11" hits="5" branch="False" />
            <line number="12" hits="5" branch="False" />
            <line number="13" hits="5" branch="False" />
            <line number="14" hits="5" branch="False" />
            <line number="15" hits="5" branch="False" />
            <line number="17" hits="0" branch="False" />
          </lines>
        </class>
        <class name="ItauInvestmentBroker.Domain.Common.BaseEntity" filename="ItauInvestmentBroker.Domain/Common/BaseEntity.cs" line-rate="1" branch-rate="1" complexity="3">
          <methods>
            <method name="get_Id" signature="()" line-rate="1" branch-rate="1" complexity="1">
              <lines>
                <line number="5" hits="308" branch="False" />
              </lines>
            </method>
            <method name="get_CreatedAt" signature="()" line-rate="1" branch-rate="1" complexity="1">
              <lines>
                <line number="6" hits="237" branch="False" />
              </lines>
            </method>
            <method name="get_UpdatedAt" signature="()" line-rate="1" branch-rate="1" complexity="1">
              <lines>
                <line number="7" hits="237" branch="False" />
              </lines>
            </method>
          </methods>
          <lines>
            <line number="5" hits="308" branch="False" />
            <line number="6" hits="237" branch="False" />
            <line number="7" hits="237" branch="False" />
          </lines>
        </class>
        <class name="ItauInvestmentBroker.Domain.Clientes.Entities.Cliente" filename="ItauInvestmentBroker.Domain/Clientes/Entities/Cliente.cs" line-rate="1" branch-rate="1" complexity="7">
          <methods>
            <method name="get_Nome" signature="()" line-rate="1" branch-rate="1" complexity="1">
              <lines>
                <line number="7" hits="44" branch="False" />
              </lines>
            </method>
            <method name="get_Cpf" signature="()" line-rate="1" branch-rate="1" complexity="1">
              <lines>
                <line number="8" hits="52" branch="False" />
              </lines>
            </method>
            <method name="get_Email" signature="()" line-rate="1" branch-rate="1" complexity="1">
              <lines>
                <line number="9" hits="34" branch="False" />
              </lines>
            </method>
            <method name="get_ValorMensal" signature="()" line-rate="1" branch-rate="1" complexity="1">
              <lines>
                <line number="10" hits="61" branch="False" />
              </lines>
            </method>
            <method name="get_Ativo" signature="()" line-rate="1" branch-rate="1" complexity="1">
              <lines>
                <line number="11" hits="61" branch="False" />
              </lines>
            </method>
            <method name="get_DataAdesao" signature="()" line-rate="1" branch-rate="1" complexity="1">
              <lines>
                <line number="12" hits="60" branch="False" />
              </lines>
            </method>
            <method name="get_ContaGrafica" signature="()" line-rate="1" branch-rate="1" complexity="1">
              <lines>
                <line number="14" hits="84" branch="False" />
              </lines>
            </method>
          </methods>
          <lines>
            <line number="7" hits="44" branch="False" />
            <line number="8" hits="52" branch="False" />
            <line number="9" hits="34" branch="False" />
            <line number="10" hits="61" branch="False" />
            <line number="11" hits="61" branch="False" />
            <line number="12" hits="60" branch="False" />
            <line number="14" hits="84" branch="False" />
          </lines>
        </class>
        <class name="ItauInvestmentBroker.Domain.Clientes.Entities.ContaGrafica" filename="ItauInvestmentBroker.Domain/Clientes/Entities/ContaGrafica.cs" line-rate="0.6666" branch-rate="1" complexity="6">
          <methods>
            <method name="get_NumeroConta" signature="()" line-rate="1" branch-rate="1" complexity="1">
              <lines>
                <line number="9" hits="31" branch="False" />
              </lines>
            </method>
            <method name="get_Tipo" signature="()" line-rate="1" branch-rate="1" complexity="1">
              <lines>
                <line number="10" hits="29" branch="False" />
              </lines>
            </method>
            <method name="get_ClienteId" signature="()" line-rate="0" branch-rate="1" complexity="1">
              <lines>
                <line number="12" hits="0" branch="False" />
              </lines>
            </method>
            <method name="get_Cliente" signature="()" line-rate="0" branch-rate="1" complexity="1">
              <lines>
                <line number="13" hits="0" branch="False" />
              </lines>
            </method>
            <method name="get_Custodias" signature="()" line-rate="1" branch-rate="1" complexity="1">
              <lines>
                <line number="15" hits="32" branch="False" />
              </lines>
            </method>
            <method name="get_OrdensCompra" signature="()" line-rate="1" branch-rate="1" complexity="1">
              <lines>
                <line number="16" hits="28" branch="False" />
              </lines>
            </method>
          </methods>
          <lines>
            <line number="9" hits="31" branch="False" />
            <line number="10" hits="29" branch="False" />
            <line number="12" hits="0" branch="False" />
            <line number="13" hits="0" branch="False" />
            <line number="15" hits="32" branch="False" />
            <line number="16" hits="28" branch="False" />
          </lines>
        </class>
        <class name="ItauInvestmentBroker.Domain.Clientes.Entities.HistoricoValorMensal" filename="ItauInvestmentBroker.Domain/Clientes/Entities/HistoricoValorMensal.cs" line-rate="0.8" branch-rate="1" complexity="5">
          <methods>
            <method name="get_ClienteId" signature="()" line-rate="1" branch-rate="1" complexity="1">
              <lines>
                <line number="7" hits="2" branch="False" />
              </lines>
            </method>
            <method name="get_ValorAnterior" signature="()" line-rate="1" branch-rate="1" complexity="1">
              <lines>
                <line number="8" hits="2" branch="False" />
              </lines>
            </method>
            <method name="get_ValorNovo" signature="()" line-rate="1" branch-rate="1" complexity="1">
              <lines>
                <line number="9" hits="2" branch="False" />
              </lines>
            </method>
            <method name="get_DataAlteracao" signature="()" line-rate="1" branch-rate="1" complexity="1">
              <lines>
                <line number="10" hits="1" branch="False" />
              </lines>
            </method>
            <method name="get_Cliente" signature="()" line-rate="0" branch-rate="1" complexity="1">
              <lines>
                <line number="12" hits="0" branch="False" />
              </lines>
            </method>
          </methods>
          <lines>
            <line number="7" hits="2" branch="False" />
            <line number="8" hits="2" branch="False" />
            <line number="9" hits="2" branch="False" />
            <line number="10" hits="1" branch="False" />
            <line number="12" hits="0" branch="False" />
          </lines>
        </class>
        <class name="ItauInvestmentBroker.Domain.Cestas.Entities.Cesta" filename="ItauInvestmentBroker.Domain/Cestas/Entities/Cesta.cs" line-rate="1" branch-rate="1" complexity="5">
          <methods>
            <method name="get_Nome" signature="()" line-rate="1" branch-rate="1" complexity="1">
              <lines>
                <line number="7" hits="41" branch="False" />
              </lines>
            </method>
            <method name="get_Ativa" signature="()" line-rate="1" branch-rate="1" complexity="1">
              <lines>
                <line number="8" hits="72" branch="False" />
              </lines>
            </method>
            <method name="get_DataCriacao" signature="()" line-rate="1" branch-rate="1" complexity="1">
              <lines>
                <line number="9" hits="61" branch="False" />
              </lines>
            </method>
            <method name="get_DataDesativacao" signature="()" line-rate="1" branch-rate="1" complexity="1">
              <lines>
                <line number="10" hits="9" branch="False" />
              </lines>
            </method>
            <method name="get_Itens" signature="()" line-rate="1" branch-rate="1" complexity="1">
              <lines>
                <line number="12" hits="102" branch="False" />
              </lines>
            </method>
          </methods>
          <lines>
            <line number="7" hits="41" branch="False" />
            <line number="8" hits="72" branch="False" />
            <line number="9" hits="61" branch="False" />
            <line number="10" hits="9" branch="False" />
            <line number="12" hits="102" branch="False" />
          </lines>
        </class>
        <class name="ItauInvestmentBroker.Domain.Cestas.Entities.ItemCesta" filename="ItauInvestmentBroker.Domain/Cestas/Entities/ItemCesta.cs" line-rate="0.5" branch-rate="1" complexity="4">
          <methods>
            <method name="get_Ticker" signature="()" line-rate="1" branch-rate="1" complexity="1">
              <lines>
                <line number="7" hits="183" branch="False" />
              </lines>
            </method>
            <method name="get_Percentual" signature="()" line-rate="1" branch-rate="1" complexity="1">
              <lines>
                <line number="8" hits="151" branch="False" />
              </lines>
            </method>
            <method name="get_CestaId" signature="()" line-rate="0" branch-rate="1" complexity="1">
              <lines>
                <line number="10" hits="0" branch="False" />
              </lines>
            </method>
            <method name="get_Cesta" signature="()" line-rate="0" branch-rate="1" complexity="1">
              <lines>
                <line number="11" hits="0" branch="False" />
              </lines>
            </method>
          </methods>
          <lines>
            <line number="7" hits="183" branch="False" />
            <line number="8" hits="151" branch="False" />
            <line number="10" hits="0" branch="False" />
            <line number="11" hits="0" branch="False" />
          </lines>
        </class>
      </classes>
    </package>
  </packages>
</coverage>